C:\Softz\inventory\src\inventory\ClientApp\polyfills.js
C:\Softz\inventory\src\inventory\ClientApp\app\shared\model\ipaddress\range-ipaddress.model.js
C:\Softz\inventory\src\inventory\ClientApp\app\shared\service\endpoint-factory.service.js
C:\Softz\inventory\src\inventory\ClientApp\app\shared\service\ipaddress\endpoint-range-ip-address-service.service.js
C:\Softz\inventory\src\inventory\ClientApp\app\shared\service\ipaddress\range-ip-address-service.service.js
C:\Softz\inventory\src\inventory\ClientApp\app\shared\service\ipaddress\get-range-ipaddress.service.js
C:\Softz\inventory\src\inventory\ClientApp\app\shared\Module\material.module.js
C:\Softz\inventory\src\inventory\ClientApp\app\shared\model\monitor\monitor.model.js
C:\Softz\inventory\src\inventory\ClientApp\app\shared\service\monitor\monitor.service.js
C:\Softz\inventory\src\inventory\ClientApp\app\shared\model\computer\computer.model.js
C:\Softz\inventory\src\inventory\ClientApp\app\shared\service\computer\computer.service.js
C:\Softz\inventory\src\inventory\ClientApp\app\shared\model\service\service.model.js
C:\Softz\inventory\src\inventory\ClientApp\app\shared\service\service\service.service.js
C:\Softz\inventory\src\inventory\ClientApp\app\shared\model\product\product.model.js
C:\Softz\inventory\src\inventory\ClientApp\app\shared\service\product\product.service.js
C:\Softz\inventory\src\inventory\ClientApp\app\shared\model\printer\printer.model.js
C:\Softz\inventory\src\inventory\ClientApp\app\shared\service\printer\printer.service.js
C:\Softz\inventory\src\inventory\ClientApp\app\shared\service\computer\computer.getter\computer.getter.service.js
C:\Softz\inventory\src\inventory\ClientApp\app\components\monitor\monitor.js
C:\Softz\inventory\src\inventory\ClientApp\app\components\computer\computer.js
C:\Softz\inventory\src\inventory\ClientApp\app\components\home\home.component.js
C:\Softz\inventory\src\inventory\ClientApp\app\shared\page-header.component.js
C:\Softz\inventory\src\inventory\ClientApp\app\components\range-ipaddress\range-ipaddress.component.js
C:\Softz\inventory\src\inventory\ClientApp\app\shared\model\ipaddress\list-ipaddress.model.js
C:\Softz\inventory\src\inventory\ClientApp\app\shared\service\ipaddress\endpoint-list-ipaddress.service.js
C:\Softz\inventory\src\inventory\ClientApp\app\shared\service\ipaddress\list-ip-address-service.service.js
C:\Softz\inventory\src\inventory\ClientApp\app\components\list-ipaddress\list-ipaddress.component.js
C:\Softz\inventory\src\inventory\ClientApp\app\app.module.js
C:\Softz\inventory\src\inventory\ClientApp\app\app.component.js
C:\Softz\inventory\src\inventory\ClientApp\app\environment.prod.js
C:\Softz\inventory\src\inventory\ClientApp\app\environment.js
C:\Softz\inventory\src\inventory\ClientApp\app\main.js
C:\Softz\inventory\src\inventory\ClientApp\environments\environment.prod.js
C:\Softz\inventory\src\inventory\ClientApp\environments\environment.js
C:\Softz\inventory\src\inventory\ClientApp\app\shared\footer.component.js
C:\Softz\inventory\src\inventory\ClientApp\app\components\list-ipaddress\list-ipaddress.component.spec.js
C:\Softz\inventory\src\inventory\ClientApp\app\components\range-ipaddress\range-ipaddress.component.spec.js
C:\Softz\inventory\src\inventory\ClientApp\app\shared\service\range-ipaddress.service.spec.js
C:\Softz\inventory\src\inventory\ClientApp\app\shared\service\ipaddress\endpoint-list-ipaddress.service.spec.js
C:\Softz\inventory\src\inventory\ClientApp\app\shared\service\ipaddress\endpoint-range-ip-address-service.service.spec.js
C:\Softz\inventory\src\inventory\ClientApp\app\shared\service\ipaddress\list-ip-address-service.service.spec.js
C:\Softz\inventory\src\inventory\ClientApp\app\shared\service\ipaddress\range-ip-address-service.service.spec.js
